<?xml version="1.0" encoding="UTF-8"?>
<!-- Generated by org.testng.reporters.JUnitReportReporter -->
<testsuite hostname="DESKTOP-E8N4AVL" failures="0" tests="1" name="Automationexercise.product" time="17.035" errors="0" timestamp="2025-08-08T00:57:46 IST" skipped="0">
  <testcase classname="Automationexercise.product" name="productTest" time="17.035"/>
  <system-out/>
</testsuite> <!-- Automationexercise.product -->
